2018-05-25 10:33:32.579  INFO 11656 --- [restartedMain] com.beike.SpringbootApplication          : Starting SpringbootApplication on LAPTOP-S9PGBUAS with PID 11656 (C:\Users\yuhuizhe\Documents\workspace\springboot\target\classes started by yuhuizhe in C:\Users\yuhuizhe\Documents\workspace\springboot)
2018-05-25 10:33:32.580 DEBUG 11656 --- [restartedMain] com.beike.SpringbootApplication          : Running with Spring Boot v1.5.4.RELEASE, Spring v4.3.9.RELEASE
2018-05-25 10:33:32.581  INFO 11656 --- [restartedMain] com.beike.SpringbootApplication          : No active profile set, falling back to default profiles: default
2018-05-25 10:33:32.654  INFO 11656 --- [restartedMain] ationConfigEmbeddedWebApplicationContext : Refreshing org.springframework.boot.context.embedded.AnnotationConfigEmbeddedWebApplicationContext@4c735ad7: startup date [Fri May 25 10:33:32 CST 2018]; root of context hierarchy
2018-05-25 10:33:34.575  INFO 11656 --- [restartedMain] s.b.c.e.t.TomcatEmbeddedServletContainer : Tomcat initialized with port(s): 8080 (http)
2018-05-25 10:33:34.591  INFO 11656 --- [restartedMain] o.apache.catalina.core.StandardService   : Starting service [Tomcat]
2018-05-25 10:33:34.591  INFO 11656 --- [restartedMain] org.apache.catalina.core.StandardEngine  : Starting Servlet Engine: Apache Tomcat/8.5.15
2018-05-25 10:33:34.700  INFO 11656 --- [localhost-startStop-1] o.a.c.c.C.[Tomcat].[localhost].[/]       : Initializing Spring embedded WebApplicationContext
2018-05-25 10:33:34.700  INFO 11656 --- [localhost-startStop-1] o.s.web.context.ContextLoader            : Root WebApplicationContext: initialization completed in 2046 ms
2018-05-25 10:33:34.903  INFO 11656 --- [localhost-startStop-1] o.s.b.w.servlet.ServletRegistrationBean  : Mapping servlet: 'dispatcherServlet' to [/]
2018-05-25 10:33:34.919  INFO 11656 --- [localhost-startStop-1] o.s.b.w.servlet.FilterRegistrationBean   : Mapping filter: 'characterEncodingFilter' to: [/*]
2018-05-25 10:33:34.919  INFO 11656 --- [localhost-startStop-1] o.s.b.w.servlet.FilterRegistrationBean   : Mapping filter: 'hiddenHttpMethodFilter' to: [/*]
2018-05-25 10:33:34.919  INFO 11656 --- [localhost-startStop-1] o.s.b.w.servlet.FilterRegistrationBean   : Mapping filter: 'httpPutFormContentFilter' to: [/*]
2018-05-25 10:33:34.919  INFO 11656 --- [localhost-startStop-1] o.s.b.w.servlet.FilterRegistrationBean   : Mapping filter: 'requestContextFilter' to: [/*]
2018-05-25 10:33:35.344  INFO 11656 --- [restartedMain] s.w.s.m.m.a.RequestMappingHandlerAdapter : Looking for @ControllerAdvice: org.springframework.boot.context.embedded.AnnotationConfigEmbeddedWebApplicationContext@4c735ad7: startup date [Fri May 25 10:33:32 CST 2018]; root of context hierarchy
2018-05-25 10:33:35.439  INFO 11656 --- [restartedMain] s.w.s.m.m.a.RequestMappingHandlerMapping : Mapped "{[/],methods=[GET]}" onto public java.lang.String com.beike.welcome.WelcomeController.welcome(java.util.Map<java.lang.String, java.lang.Object>)
2018-05-25 10:33:35.439  INFO 11656 --- [restartedMain] s.w.s.m.m.a.RequestMappingHandlerMapping : Mapped "{[/error]}" onto public org.springframework.http.ResponseEntity<java.util.Map<java.lang.String, java.lang.Object>> org.springframework.boot.autoconfigure.web.BasicErrorController.error(javax.servlet.http.HttpServletRequest)
2018-05-25 10:33:35.439  INFO 11656 --- [restartedMain] s.w.s.m.m.a.RequestMappingHandlerMapping : Mapped "{[/error],produces=[text/html]}" onto public org.springframework.web.servlet.ModelAndView org.springframework.boot.autoconfigure.web.BasicErrorController.errorHtml(javax.servlet.http.HttpServletRequest,javax.servlet.http.HttpServletResponse)
2018-05-25 10:33:35.517  INFO 11656 --- [restartedMain] o.s.w.s.handler.SimpleUrlHandlerMapping  : Mapped URL path [/webjars/**] onto handler of type [class org.springframework.web.servlet.resource.ResourceHttpRequestHandler]
2018-05-25 10:33:35.517  INFO 11656 --- [restartedMain] o.s.w.s.handler.SimpleUrlHandlerMapping  : Mapped URL path [/**] onto handler of type [class org.springframework.web.servlet.resource.ResourceHttpRequestHandler]
2018-05-25 10:33:35.685  INFO 11656 --- [restartedMain] o.s.w.s.handler.SimpleUrlHandlerMapping  : Mapped URL path [/**/favicon.ico] onto handler of type [class org.springframework.web.servlet.resource.ResourceHttpRequestHandler]
2018-05-25 10:33:35.975  INFO 11656 --- [restartedMain] o.s.b.d.a.OptionalLiveReloadServer       : LiveReload server is running on port 35729
2018-05-25 10:33:36.159  INFO 11656 --- [restartedMain] o.s.j.e.a.AnnotationMBeanExporter        : Registering beans for JMX exposure on startup
2018-05-25 10:33:36.291  INFO 11656 --- [restartedMain] s.b.c.e.t.TomcatEmbeddedServletContainer : Tomcat started on port(s): 8080 (http)
2018-05-25 10:33:36.291  INFO 11656 --- [restartedMain] com.beike.SpringbootApplication          : Started SpringbootApplication in 4.167 seconds (JVM running for 4.792)
2018-05-25 10:34:52.283  INFO 11656 --- [Thread-6] ationConfigEmbeddedWebApplicationContext : Closing org.springframework.boot.context.embedded.AnnotationConfigEmbeddedWebApplicationContext@4c735ad7: startup date [Fri May 25 10:33:32 CST 2018]; root of context hierarchy
2018-05-25 10:34:52.293  INFO 11656 --- [Thread-6] o.s.j.e.a.AnnotationMBeanExporter        : Unregistering JMX-exposed beans on shutdown
2018-05-25 10:34:52.649  INFO 11656 --- [restartedMain] com.beike.SpringbootApplication          : Starting SpringbootApplication on LAPTOP-S9PGBUAS with PID 11656 (C:\Users\yuhuizhe\Documents\workspace\springboot\target\classes started by yuhuizhe in C:\Users\yuhuizhe\Documents\workspace\springboot)
2018-05-25 10:34:52.650 DEBUG 11656 --- [restartedMain] com.beike.SpringbootApplication          : Running with Spring Boot v1.5.4.RELEASE, Spring v4.3.9.RELEASE
2018-05-25 10:34:52.650  INFO 11656 --- [restartedMain] com.beike.SpringbootApplication          : No active profile set, falling back to default profiles: default
2018-05-25 10:34:52.656  INFO 11656 --- [restartedMain] ationConfigEmbeddedWebApplicationContext : Refreshing org.springframework.boot.context.embedded.AnnotationConfigEmbeddedWebApplicationContext@98138d9: startup date [Fri May 25 10:34:52 CST 2018]; root of context hierarchy
2018-05-25 10:34:53.145  INFO 11656 --- [restartedMain] s.b.c.e.t.TomcatEmbeddedServletContainer : Tomcat initialized with port(s): 8080 (http)
2018-05-25 10:34:53.145  INFO 11656 --- [restartedMain] o.apache.catalina.core.StandardService   : Starting service [Tomcat]
2018-05-25 10:34:53.145  INFO 11656 --- [restartedMain] org.apache.catalina.core.StandardEngine  : Starting Servlet Engine: Apache Tomcat/8.5.15
2018-05-25 10:34:53.161  INFO 11656 --- [localhost-startStop-1] o.a.c.c.C.[Tomcat].[localhost].[/]       : Initializing Spring embedded WebApplicationContext
2018-05-25 10:34:53.161  INFO 11656 --- [localhost-startStop-1] o.s.web.context.ContextLoader            : Root WebApplicationContext: initialization completed in 505 ms
2018-05-25 10:34:53.192  INFO 11656 --- [localhost-startStop-1] o.s.b.w.servlet.ServletRegistrationBean  : Mapping servlet: 'dispatcherServlet' to [/]
2018-05-25 10:34:53.192  INFO 11656 --- [localhost-startStop-1] o.s.b.w.servlet.FilterRegistrationBean   : Mapping filter: 'characterEncodingFilter' to: [/*]
2018-05-25 10:34:53.192  INFO 11656 --- [localhost-startStop-1] o.s.b.w.servlet.FilterRegistrationBean   : Mapping filter: 'hiddenHttpMethodFilter' to: [/*]
2018-05-25 10:34:53.192  INFO 11656 --- [localhost-startStop-1] o.s.b.w.servlet.FilterRegistrationBean   : Mapping filter: 'httpPutFormContentFilter' to: [/*]
2018-05-25 10:34:53.192  INFO 11656 --- [localhost-startStop-1] o.s.b.w.servlet.FilterRegistrationBean   : Mapping filter: 'requestContextFilter' to: [/*]
2018-05-25 10:34:53.329  INFO 11656 --- [restartedMain] s.w.s.m.m.a.RequestMappingHandlerAdapter : Looking for @ControllerAdvice: org.springframework.boot.context.embedded.AnnotationConfigEmbeddedWebApplicationContext@98138d9: startup date [Fri May 25 10:34:52 CST 2018]; root of context hierarchy
2018-05-25 10:34:53.332  INFO 11656 --- [restartedMain] s.w.s.m.m.a.RequestMappingHandlerMapping : Mapped "{[/],methods=[GET]}" onto public java.lang.String com.beike.welcome.WelcomeController.welcome(java.util.Map<java.lang.String, java.lang.Object>)
2018-05-25 10:34:53.332  INFO 11656 --- [restartedMain] s.w.s.m.m.a.RequestMappingHandlerMapping : Mapped "{[/error]}" onto public org.springframework.http.ResponseEntity<java.util.Map<java.lang.String, java.lang.Object>> org.springframework.boot.autoconfigure.web.BasicErrorController.error(javax.servlet.http.HttpServletRequest)
2018-05-25 10:34:53.332  INFO 11656 --- [restartedMain] s.w.s.m.m.a.RequestMappingHandlerMapping : Mapped "{[/error],produces=[text/html]}" onto public org.springframework.web.servlet.ModelAndView org.springframework.boot.autoconfigure.web.BasicErrorController.errorHtml(javax.servlet.http.HttpServletRequest,javax.servlet.http.HttpServletResponse)
2018-05-25 10:34:53.347  INFO 11656 --- [restartedMain] o.s.w.s.handler.SimpleUrlHandlerMapping  : Mapped URL path [/webjars/**] onto handler of type [class org.springframework.web.servlet.resource.ResourceHttpRequestHandler]
2018-05-25 10:34:53.347  INFO 11656 --- [restartedMain] o.s.w.s.handler.SimpleUrlHandlerMapping  : Mapped URL path [/**] onto handler of type [class org.springframework.web.servlet.resource.ResourceHttpRequestHandler]
2018-05-25 10:34:53.363  INFO 11656 --- [restartedMain] o.s.w.s.handler.SimpleUrlHandlerMapping  : Mapped URL path [/**/favicon.ico] onto handler of type [class org.springframework.web.servlet.resource.ResourceHttpRequestHandler]
2018-05-25 10:34:53.398  INFO 11656 --- [restartedMain] o.s.b.d.a.OptionalLiveReloadServer       : LiveReload server is running on port 35729
2018-05-25 10:34:53.426  INFO 11656 --- [restartedMain] o.s.j.e.a.AnnotationMBeanExporter        : Registering beans for JMX exposure on startup
2018-05-25 10:34:53.442  INFO 11656 --- [restartedMain] s.b.c.e.t.TomcatEmbeddedServletContainer : Tomcat started on port(s): 8080 (http)
2018-05-25 10:34:53.442  INFO 11656 --- [restartedMain] com.beike.SpringbootApplication          : Started SpringbootApplication in 0.86 seconds (JVM running for 81.943)
2018-05-25 10:40:06.155  INFO 11656 --- [Thread-10] ationConfigEmbeddedWebApplicationContext : Closing org.springframework.boot.context.embedded.AnnotationConfigEmbeddedWebApplicationContext@98138d9: startup date [Fri May 25 10:34:52 CST 2018]; root of context hierarchy
2018-05-25 10:40:06.162  INFO 11656 --- [Thread-10] o.s.j.e.a.AnnotationMBeanExporter        : Unregistering JMX-exposed beans on shutdown
2018-05-25 10:40:06.443  INFO 11656 --- [restartedMain] com.beike.SpringbootApplication          : Starting SpringbootApplication on LAPTOP-S9PGBUAS with PID 11656 (C:\Users\yuhuizhe\Documents\workspace\springboot\target\classes started by yuhuizhe in C:\Users\yuhuizhe\Documents\workspace\springboot)
2018-05-25 10:40:06.443 DEBUG 11656 --- [restartedMain] com.beike.SpringbootApplication          : Running with Spring Boot v1.5.4.RELEASE, Spring v4.3.9.RELEASE
2018-05-25 10:40:06.443  INFO 11656 --- [restartedMain] com.beike.SpringbootApplication          : No active profile set, falling back to default profiles: default
2018-05-25 10:40:06.443  INFO 11656 --- [restartedMain] ationConfigEmbeddedWebApplicationContext : Refreshing org.springframework.boot.context.embedded.AnnotationConfigEmbeddedWebApplicationContext@597988de: startup date [Fri May 25 10:40:06 CST 2018]; root of context hierarchy
2018-05-25 10:40:06.896  INFO 11656 --- [restartedMain] s.b.c.e.t.TomcatEmbeddedServletContainer : Tomcat initialized with port(s): 8080 (http)
2018-05-25 10:40:06.896  INFO 11656 --- [restartedMain] o.apache.catalina.core.StandardService   : Starting service [Tomcat]
2018-05-25 10:40:06.896  INFO 11656 --- [restartedMain] org.apache.catalina.core.StandardEngine  : Starting Servlet Engine: Apache Tomcat/8.5.15
2018-05-25 10:40:06.912  INFO 11656 --- [localhost-startStop-1] o.a.c.c.C.[Tomcat].[localhost].[/]       : Initializing Spring embedded WebApplicationContext
2018-05-25 10:40:06.912  INFO 11656 --- [localhost-startStop-1] o.s.web.context.ContextLoader            : Root WebApplicationContext: initialization completed in 469 ms
2018-05-25 10:40:06.943  INFO 11656 --- [localhost-startStop-1] o.s.b.w.servlet.ServletRegistrationBean  : Mapping servlet: 'dispatcherServlet' to [/]
2018-05-25 10:40:06.943  INFO 11656 --- [localhost-startStop-1] o.s.b.w.servlet.FilterRegistrationBean   : Mapping filter: 'characterEncodingFilter' to: [/*]
2018-05-25 10:40:06.943  INFO 11656 --- [localhost-startStop-1] o.s.b.w.servlet.FilterRegistrationBean   : Mapping filter: 'hiddenHttpMethodFilter' to: [/*]
2018-05-25 10:40:06.943  INFO 11656 --- [localhost-startStop-1] o.s.b.w.servlet.FilterRegistrationBean   : Mapping filter: 'httpPutFormContentFilter' to: [/*]
2018-05-25 10:40:06.943  INFO 11656 --- [localhost-startStop-1] o.s.b.w.servlet.FilterRegistrationBean   : Mapping filter: 'requestContextFilter' to: [/*]
2018-05-25 10:40:07.021  INFO 11656 --- [restartedMain] s.w.s.m.m.a.RequestMappingHandlerAdapter : Looking for @ControllerAdvice: org.springframework.boot.context.embedded.AnnotationConfigEmbeddedWebApplicationContext@597988de: startup date [Fri May 25 10:40:06 CST 2018]; root of context hierarchy
2018-05-25 10:40:07.037  INFO 11656 --- [restartedMain] s.w.s.m.m.a.RequestMappingHandlerMapping : Mapped "{[/],methods=[GET]}" onto public java.lang.String com.beike.welcome.WelcomeController.welcome(java.util.Map<java.lang.String, java.lang.Object>)
2018-05-25 10:40:07.037  INFO 11656 --- [restartedMain] s.w.s.m.m.a.RequestMappingHandlerMapping : Mapped "{[/error]}" onto public org.springframework.http.ResponseEntity<java.util.Map<java.lang.String, java.lang.Object>> org.springframework.boot.autoconfigure.web.BasicErrorController.error(javax.servlet.http.HttpServletRequest)
2018-05-25 10:40:07.037  INFO 11656 --- [restartedMain] s.w.s.m.m.a.RequestMappingHandlerMapping : Mapped "{[/error],produces=[text/html]}" onto public org.springframework.web.servlet.ModelAndView org.springframework.boot.autoconfigure.web.BasicErrorController.errorHtml(javax.servlet.http.HttpServletRequest,javax.servlet.http.HttpServletResponse)
2018-05-25 10:40:07.053  INFO 11656 --- [restartedMain] o.s.w.s.handler.SimpleUrlHandlerMapping  : Mapped URL path [/webjars/**] onto handler of type [class org.springframework.web.servlet.resource.ResourceHttpRequestHandler]
2018-05-25 10:40:07.053  INFO 11656 --- [restartedMain] o.s.w.s.handler.SimpleUrlHandlerMapping  : Mapped URL path [/**] onto handler of type [class org.springframework.web.servlet.resource.ResourceHttpRequestHandler]
2018-05-25 10:40:07.080  INFO 11656 --- [restartedMain] o.s.w.s.handler.SimpleUrlHandlerMapping  : Mapped URL path [/**/favicon.ico] onto handler of type [class org.springframework.web.servlet.resource.ResourceHttpRequestHandler]
2018-05-25 10:40:07.107  INFO 11656 --- [restartedMain] o.s.b.d.a.OptionalLiveReloadServer       : LiveReload server is running on port 35729
2018-05-25 10:40:07.164  INFO 11656 --- [restartedMain] o.s.j.e.a.AnnotationMBeanExporter        : Registering beans for JMX exposure on startup
2018-05-25 10:40:07.174  INFO 11656 --- [restartedMain] s.b.c.e.t.TomcatEmbeddedServletContainer : Tomcat started on port(s): 8080 (http)
2018-05-25 10:40:07.174  INFO 11656 --- [restartedMain] com.beike.SpringbootApplication          : Started SpringbootApplication in 0.778 seconds (JVM running for 395.675)
2018-05-25 10:40:28.830  INFO 11656 --- [Thread-16] ationConfigEmbeddedWebApplicationContext : Closing org.springframework.boot.context.embedded.AnnotationConfigEmbeddedWebApplicationContext@597988de: startup date [Fri May 25 10:40:06 CST 2018]; root of context hierarchy
2018-05-25 10:40:28.837  INFO 11656 --- [Thread-16] o.s.j.e.a.AnnotationMBeanExporter        : Unregistering JMX-exposed beans on shutdown
2018-05-25 10:40:29.134  INFO 11656 --- [restartedMain] com.beike.SpringbootApplication          : Starting SpringbootApplication on LAPTOP-S9PGBUAS with PID 11656 (C:\Users\yuhuizhe\Documents\workspace\springboot\target\classes started by yuhuizhe in C:\Users\yuhuizhe\Documents\workspace\springboot)
2018-05-25 10:40:29.134 DEBUG 11656 --- [restartedMain] com.beike.SpringbootApplication          : Running with Spring Boot v1.5.4.RELEASE, Spring v4.3.9.RELEASE
2018-05-25 10:40:29.134  INFO 11656 --- [restartedMain] com.beike.SpringbootApplication          : No active profile set, falling back to default profiles: default
2018-05-25 10:40:29.134  INFO 11656 --- [restartedMain] ationConfigEmbeddedWebApplicationContext : Refreshing org.springframework.boot.context.embedded.AnnotationConfigEmbeddedWebApplicationContext@1df0ce4d: startup date [Fri May 25 10:40:29 CST 2018]; root of context hierarchy
2018-05-25 10:40:29.603  INFO 11656 --- [restartedMain] s.b.c.e.t.TomcatEmbeddedServletContainer : Tomcat initialized with port(s): 8080 (http)
2018-05-25 10:40:29.603  INFO 11656 --- [restartedMain] o.apache.catalina.core.StandardService   : Starting service [Tomcat]
2018-05-25 10:40:29.603  INFO 11656 --- [restartedMain] org.apache.catalina.core.StandardEngine  : Starting Servlet Engine: Apache Tomcat/8.5.15
2018-05-25 10:40:29.619  INFO 11656 --- [localhost-startStop-1] o.a.c.c.C.[Tomcat].[localhost].[/]       : Initializing Spring embedded WebApplicationContext
2018-05-25 10:40:29.619  INFO 11656 --- [localhost-startStop-1] o.s.web.context.ContextLoader            : Root WebApplicationContext: initialization completed in 485 ms
2018-05-25 10:40:29.650  INFO 11656 --- [localhost-startStop-1] o.s.b.w.servlet.ServletRegistrationBean  : Mapping servlet: 'dispatcherServlet' to [/]
2018-05-25 10:40:29.650  INFO 11656 --- [localhost-startStop-1] o.s.b.w.servlet.FilterRegistrationBean   : Mapping filter: 'characterEncodingFilter' to: [/*]
2018-05-25 10:40:29.650  INFO 11656 --- [localhost-startStop-1] o.s.b.w.servlet.FilterRegistrationBean   : Mapping filter: 'hiddenHttpMethodFilter' to: [/*]
2018-05-25 10:40:29.650  INFO 11656 --- [localhost-startStop-1] o.s.b.w.servlet.FilterRegistrationBean   : Mapping filter: 'httpPutFormContentFilter' to: [/*]
2018-05-25 10:40:29.650  INFO 11656 --- [localhost-startStop-1] o.s.b.w.servlet.FilterRegistrationBean   : Mapping filter: 'requestContextFilter' to: [/*]
2018-05-25 10:40:29.712  INFO 11656 --- [restartedMain] s.w.s.m.m.a.RequestMappingHandlerAdapter : Looking for @ControllerAdvice: org.springframework.boot.context.embedded.AnnotationConfigEmbeddedWebApplicationContext@1df0ce4d: startup date [Fri May 25 10:40:29 CST 2018]; root of context hierarchy
2018-05-25 10:40:29.728  INFO 11656 --- [restartedMain] s.w.s.m.m.a.RequestMappingHandlerMapping : Mapped "{[/],methods=[GET]}" onto public java.lang.String com.beike.welcome.WelcomeController.welcome(java.util.Map<java.lang.String, java.lang.Object>)
2018-05-25 10:40:29.728  INFO 11656 --- [restartedMain] s.w.s.m.m.a.RequestMappingHandlerMapping : Mapped "{[/error]}" onto public org.springframework.http.ResponseEntity<java.util.Map<java.lang.String, java.lang.Object>> org.springframework.boot.autoconfigure.web.BasicErrorController.error(javax.servlet.http.HttpServletRequest)
2018-05-25 10:40:29.728  INFO 11656 --- [restartedMain] s.w.s.m.m.a.RequestMappingHandlerMapping : Mapped "{[/error],produces=[text/html]}" onto public org.springframework.web.servlet.ModelAndView org.springframework.boot.autoconfigure.web.BasicErrorController.errorHtml(javax.servlet.http.HttpServletRequest,javax.servlet.http.HttpServletResponse)
2018-05-25 10:40:29.744  INFO 11656 --- [restartedMain] o.s.w.s.handler.SimpleUrlHandlerMapping  : Mapped URL path [/webjars/**] onto handler of type [class org.springframework.web.servlet.resource.ResourceHttpRequestHandler]
2018-05-25 10:40:29.744  INFO 11656 --- [restartedMain] o.s.w.s.handler.SimpleUrlHandlerMapping  : Mapped URL path [/**] onto handler of type [class org.springframework.web.servlet.resource.ResourceHttpRequestHandler]
2018-05-25 10:40:29.759  INFO 11656 --- [restartedMain] o.s.w.s.handler.SimpleUrlHandlerMapping  : Mapped URL path [/**/favicon.ico] onto handler of type [class org.springframework.web.servlet.resource.ResourceHttpRequestHandler]
2018-05-25 10:40:29.790  INFO 11656 --- [restartedMain] o.s.b.d.a.OptionalLiveReloadServer       : LiveReload server is running on port 35729
2018-05-25 10:40:29.822  INFO 11656 --- [restartedMain] o.s.j.e.a.AnnotationMBeanExporter        : Registering beans for JMX exposure on startup
2018-05-25 10:40:29.837  INFO 11656 --- [restartedMain] s.b.c.e.t.TomcatEmbeddedServletContainer : Tomcat started on port(s): 8080 (http)
2018-05-25 10:40:29.839  INFO 11656 --- [restartedMain] com.beike.SpringbootApplication          : Started SpringbootApplication in 0.752 seconds (JVM running for 418.34)
2018-05-25 10:40:32.293  INFO 11656 --- [RMI TCP Connection(2)-10.56.195.82] inMXBeanRegistrar$SpringApplicationAdmin : Application shutdown requested.
2018-05-25 10:40:32.303  INFO 11656 --- [RMI TCP Connection(2)-10.56.195.82] ationConfigEmbeddedWebApplicationContext : Closing org.springframework.boot.context.embedded.AnnotationConfigEmbeddedWebApplicationContext@1df0ce4d: startup date [Fri May 25 10:40:29 CST 2018]; root of context hierarchy
2018-05-25 10:40:32.304  INFO 11656 --- [RMI TCP Connection(2)-10.56.195.82] o.s.j.e.a.AnnotationMBeanExporter        : Unregistering JMX-exposed beans on shutdown
